# JRE version: Java(TM) SE Runtime Environment (21.0+35) (build 21+35-LTS-2513)
# Java VM: Java HotSpot(TM) 64-Bit Server VM (21+35-LTS-2513, mixed mode, sharing, tiered, compressed oops, compressed class ptrs, g1 gc, windows-amd64)
GC Precious Log:
 CardTable entry size: 512
 Card Set container configuration: InlinePtr #cards 4 size 8 Array Of Cards #cards 32 size 80 Howl #buckets 8 coarsen threshold 7372 Howl Bitmap #cards 1024 size 144 coarsen threshold 921 Card regions per heap region 1 cards per card region 8192
 CPUs: 16 total, 16 available
 Memory: 7896M
 Large Page Support: Disabled
 NUMA Support: Disabled
 Compressed Oops: Enabled (Zero based)
 Heap Region Size: 4M
 Heap Min Capacity: 8M
 Heap Initial Capacity: 124M
 Heap Max Capacity: 8G
 Pre-touch: Disabled
 Parallel Workers: 13
 Concurrent Workers: 3
 Concurrent Refinement Workers: 13
 Periodic GC: Disabled
Heap:
 garbage-first heap   total 110592K, used 68062K [0x0000000600000000, 0x0000000800000000)
  region size 4096K, 5 young (20480K), 1 survivors (4096K)
 Metaspace       used 61612K, committed 63616K, reserved 1114112K
  class space    used 8807K, committed 9792K, reserved 1048576K
GC Heap History (20 events):
Event: 16.428 GC heap before
{Heap before GC invocations=6 (full 0):
 garbage-first heap   total 110592K, used 85926K [0x0000000600000000, 0x0000000800000000)
  region size 4096K, 18 young (73728K), 2 survivors (8192K)
 Metaspace       used 29595K, committed 30592K, reserved 1114112K
  class space    used 4388K, committed 4864K, reserved 1048576K
}
Event: 16.440 GC heap after
{Heap after GC invocations=7 (full 0):
 garbage-first heap   total 110592K, used 28709K [0x0000000600000000, 0x0000000800000000)
  region size 4096K, 3 young (12288K), 3 survivors (12288K)
 Metaspace       used 29595K, committed 30592K, reserved 1114112K
  class space    used 4388K, committed 4864K, reserved 1048576K
}
Event: 18.212 GC heap before
{Heap before GC invocations=7 (full 0):
 garbage-first heap   total 110592K, used 69669K [0x0000000600000000, 0x0000000800000000)
  region size 4096K, 14 young (57344K), 3 survivors (12288K)
 Metaspace       used 35058K, committed 36096K, reserved 1114112K
  class space    used 4943K, committed 5440K, reserved 1048576K
}
Event: 18.227 GC heap after
{Heap after GC invocations=8 (full 0):
 garbage-first heap   total 110592K, used 32633K [0x0000000600000000, 0x0000000800000000)
  region size 4096K, 2 young (8192K), 2 survivors (8192K)
 Metaspace       used 35058K, committed 36096K, reserved 1114112K
  class space    used 4943K, committed 5440K, reserved 1048576K
}
Event: 18.280 GC heap before
{Heap before GC invocations=8 (full 0):
 garbage-first heap   total 110592K, used 32633K [0x0000000600000000, 0x0000000800000000)
  region size 4096K, 4 young (16384K), 2 survivors (8192K)
 Metaspace       used 35314K, committed 36416K, reserved 1114112K
  class space    used 4952K, committed 5504K, reserved 1048576K
}
Event: 18.289 GC heap after
{Heap after GC invocations=9 (full 0):
 garbage-first heap   total 110592K, used 34291K [0x0000000600000000, 0x0000000800000000)
  region size 4096K, 2 young (8192K), 2 survivors (8192K)
 Metaspace       used 35314K, committed 36416K, reserved 1114112K
  class space    used 4952K, committed 5504K, reserved 1048576K
}
Event: 19.464 GC heap before
{Heap before GC invocations=10 (full 0):
 garbage-first heap   total 110592K, used 79347K [0x0000000600000000, 0x0000000800000000)
  region size 4096K, 13 young (53248K), 2 survivors (8192K)
 Metaspace       used 38747K, committed 39936K, reserved 1114112K
  class space    used 5313K, committed 5888K, reserved 1048576K
}
Event: 19.468 GC heap after
{Heap after GC invocations=11 (full 0):
 garbage-first heap   total 110592K, used 34784K [0x0000000600000000, 0x0000000800000000)
  region size 4096K, 1 young (4096K), 1 survivors (4096K)
 Metaspace       used 38747K, committed 39936K, reserved 1114112K
  class space    used 5313K, committed 5888K, reserved 1048576K
}
Event: 20.132 GC heap before
{Heap before GC invocations=11 (full 0):
 garbage-first heap   total 110592K, used 83936K [0x0000000600000000, 0x0000000800000000)
  region size 4096K, 13 young (53248K), 1 survivors (4096K)
 Metaspace       used 44147K, committed 45760K, reserved 1114112K
  class space    used 6201K, committed 6976K, reserved 1048576K
}
Event: 20.137 GC heap after
{Heap after GC invocations=12 (full 0):
 garbage-first heap   total 110592K, used 37463K [0x0000000600000000, 0x0000000800000000)
  region size 4096K, 2 young (8192K), 2 survivors (8192K)
 Metaspace       used 44147K, committed 45760K, reserved 1114112K
  class space    used 6201K, committed 6976K, reserved 1048576K
}
Event: 21.424 GC heap before
{Heap before GC invocations=12 (full 0):
 garbage-first heap   total 110592K, used 86615K [0x0000000600000000, 0x0000000800000000)
  region size 4096K, 14 young (57344K), 2 survivors (8192K)
 Metaspace       used 46851K, committed 48512K, reserved 1114112K
  class space    used 6657K, committed 7488K, reserved 1048576K
}
Event: 21.433 GC heap after
{Heap after GC invocations=13 (full 0):
 garbage-first heap   total 110592K, used 40325K [0x0000000600000000, 0x0000000800000000)
  region size 4096K, 2 young (8192K), 2 survivors (8192K)
 Metaspace       used 46851K, committed 48512K, reserved 1114112K
  class space    used 6657K, committed 7488K, reserved 1048576K
}
Event: 25.930 GC heap before
{Heap before GC invocations=13 (full 0):
 garbage-first heap   total 110592K, used 89477K [0x0000000600000000, 0x0000000800000000)
  region size 4096K, 14 young (57344K), 2 survivors (8192K)
 Metaspace       used 51470K, committed 53184K, reserved 1114112K
  class space    used 7384K, committed 8256K, reserved 1048576K
}
Event: 25.944 GC heap after
{Heap after GC invocations=14 (full 0):
 garbage-first heap   total 110592K, used 42755K [0x0000000600000000, 0x0000000800000000)
  region size 4096K, 2 young (8192K), 2 survivors (8192K)
 Metaspace       used 51470K, committed 53184K, reserved 1114112K
  class space    used 7384K, committed 8256K, reserved 1048576K
}
Event: 29.526 GC heap before
{Heap before GC invocations=14 (full 0):
 garbage-first heap   total 110592K, used 83715K [0x0000000600000000, 0x0000000800000000)
  region size 4096K, 13 young (53248K), 2 survivors (8192K)
 Metaspace       used 54337K, committed 56256K, reserved 1114112K
  class space    used 7818K, committed 8768K, reserved 1048576K
}
Event: 29.538 GC heap after
{Heap after GC invocations=15 (full 0):
 garbage-first heap   total 110592K, used 45635K [0x0000000600000000, 0x0000000800000000)
  region size 4096K, 2 young (8192K), 2 survivors (8192K)
 Metaspace       used 54337K, committed 56256K, reserved 1114112K
  class space    used 7818K, committed 8768K, reserved 1048576K
}
Event: 31.718 GC heap before
{Heap before GC invocations=15 (full 0):
 garbage-first heap   total 110592K, used 94787K [0x0000000600000000, 0x0000000800000000)
  region size 4096K, 13 young (53248K), 2 survivors (8192K)
 Metaspace       used 58573K, committed 60480K, reserved 1114112K
  class space    used 8414K, committed 9344K, reserved 1048576K
}
Event: 31.733 GC heap after
{Heap after GC invocations=16 (full 0):
 garbage-first heap   total 110592K, used 55243K [0x0000000600000000, 0x0000000800000000)
  region size 4096K, 2 young (8192K), 2 survivors (8192K)
 Metaspace       used 58573K, committed 60480K, reserved 1114112K
  class space    used 8414K, committed 9344K, reserved 1048576K
}
Event: 32.161 GC heap before
{Heap before GC invocations=16 (full 0):
 garbage-first heap   total 110592K, used 63435K [0x0000000600000000, 0x0000000800000000)
  region size 4096K, 5 young (20480K), 2 survivors (8192K)
 Metaspace       used 59589K, committed 61440K, reserved 1114112K
  class space    used 8548K, committed 9472K, reserved 1048576K
}
Event: 32.174 GC heap after
{Heap after GC invocations=17 (full 0):
 garbage-first heap   total 110592K, used 55774K [0x0000000600000000, 0x0000000800000000)
  region size 4096K, 1 young (4096K), 1 survivors (4096K)
 Metaspace       used 59589K, committed 61440K, reserved 1114112K
  class space    used 8548K, committed 9472K, reserved 1048576K
}

