# JRE version: Java(TM) SE Runtime Environment (21.0+35) (build 21+35-LTS-2513)
# Java VM: Java HotSpot(TM) 64-Bit Server VM (21+35-LTS-2513, mixed mode, sharing, tiered, compressed oops, compressed class ptrs, g1 gc, windows-amd64)
GC Precious Log:
 CardTable entry size: 512
 Card Set container configuration: InlinePtr #cards 4 size 8 Array Of Cards #cards 32 size 80 Howl #buckets 8 coarsen threshold 7372 Howl Bitmap #cards 1024 size 144 coarsen threshold 921 Card regions per heap region 1 cards per card region 8192
 CPUs: 16 total, 16 available
 Memory: 7896M
 Large Page Support: Disabled
 NUMA Support: Disabled
 Compressed Oops: Enabled (Zero based)
 Heap Region Size: 4M
 Heap Min Capacity: 8M
 Heap Initial Capacity: 124M
 Heap Max Capacity: 8G
 Pre-touch: Disabled
 Parallel Workers: 13
 Concurrent Workers: 3
 Concurrent Refinement Workers: 13
 Periodic GC: Disabled
Heap:
 garbage-first heap   total 221184K, used 150206K [0x0000000600000000, 0x0000000800000000)
  region size 4096K, 13 young (53248K), 0 survivors (0K)
 Metaspace       used 107542K, committed 110080K, reserved 1179648K
  class space    used 15111K, committed 16384K, reserved 1048576K
GC Heap History (20 events):
Event: 71.877 GC heap before
{Heap before GC invocations=34 (full 0):
 garbage-first heap   total 151552K, used 127650K [0x0000000600000000, 0x0000000800000000)
  region size 4096K, 12 young (49152K), 1 survivors (4096K)
 Metaspace       used 82781K, committed 85120K, reserved 1179648K
  class space    used 11719K, committed 12864K, reserved 1048576K
}
Event: 71.889 GC heap after
{Heap after GC invocations=35 (full 0):
 garbage-first heap   total 151552K, used 89966K [0x0000000600000000, 0x0000000800000000)
  region size 4096K, 2 young (8192K), 2 survivors (8192K)
 Metaspace       used 82781K, committed 85120K, reserved 1179648K
  class space    used 11719K, committed 12864K, reserved 1048576K
}
Event: 73.863 GC heap before
{Heap before GC invocations=36 (full 0):
 garbage-first heap   total 172032K, used 122734K [0x0000000600000000, 0x0000000800000000)
  region size 4096K, 11 young (45056K), 2 survivors (8192K)
 Metaspace       used 83162K, committed 85504K, reserved 1179648K
  class space    used 11759K, committed 12928K, reserved 1048576K
}
Event: 73.889 GC heap after
{Heap after GC invocations=37 (full 0):
 garbage-first heap   total 172032K, used 103833K [0x0000000600000000, 0x0000000800000000)
  region size 4096K, 2 young (8192K), 2 survivors (8192K)
 Metaspace       used 83162K, committed 85504K, reserved 1179648K
  class space    used 11759K, committed 12928K, reserved 1048576K
}
Event: 75.629 GC heap before
{Heap before GC invocations=37 (full 0):
 garbage-first heap   total 172032K, used 136601K [0x0000000600000000, 0x0000000800000000)
  region size 4096K, 11 young (45056K), 2 survivors (8192K)
 Metaspace       used 86035K, committed 88384K, reserved 1179648K
  class space    used 12079K, committed 13248K, reserved 1048576K
}
Event: 75.643 GC heap after
{Heap after GC invocations=38 (full 0):
 garbage-first heap   total 208896K, used 105438K [0x0000000600000000, 0x0000000800000000)
  region size 4096K, 1 young (4096K), 1 survivors (4096K)
 Metaspace       used 86035K, committed 88384K, reserved 1179648K
  class space    used 12079K, committed 13248K, reserved 1048576K
}
Event: 76.760 GC heap before
{Heap before GC invocations=38 (full 0):
 garbage-first heap   total 208896K, used 166878K [0x0000000600000000, 0x0000000800000000)
  region size 4096K, 16 young (65536K), 1 survivors (4096K)
 Metaspace       used 89691K, committed 92096K, reserved 1179648K
  class space    used 12526K, committed 13696K, reserved 1048576K
}
Event: 76.767 GC heap after
{Heap after GC invocations=39 (full 0):
 garbage-first heap   total 208896K, used 111153K [0x0000000600000000, 0x0000000800000000)
  region size 4096K, 2 young (8192K), 2 survivors (8192K)
 Metaspace       used 89691K, committed 92096K, reserved 1179648K
  class space    used 12526K, committed 13696K, reserved 1048576K
}
Event: 78.756 GC heap before
{Heap before GC invocations=39 (full 0):
 garbage-first heap   total 208896K, used 172593K [0x0000000600000000, 0x0000000800000000)
  region size 4096K, 17 young (69632K), 2 survivors (8192K)
 Metaspace       used 94256K, committed 96768K, reserved 1179648K
  class space    used 13123K, committed 14400K, reserved 1048576K
}
Event: 78.776 GC heap after
{Heap after GC invocations=40 (full 0):
 garbage-first heap   total 208896K, used 114443K [0x0000000600000000, 0x0000000800000000)
  region size 4096K, 3 young (12288K), 3 survivors (12288K)
 Metaspace       used 94256K, committed 96768K, reserved 1179648K
  class space    used 13123K, committed 14400K, reserved 1048576K
}
Event: 80.146 GC heap before
{Heap before GC invocations=40 (full 0):
 garbage-first heap   total 208896K, used 175883K [0x0000000600000000, 0x0000000800000000)
  region size 4096K, 18 young (73728K), 3 survivors (12288K)
 Metaspace       used 97842K, committed 100288K, reserved 1179648K
  class space    used 13621K, committed 14848K, reserved 1048576K
}
Event: 80.158 GC heap after
{Heap after GC invocations=41 (full 0):
 garbage-first heap   total 208896K, used 118455K [0x0000000600000000, 0x0000000800000000)
  region size 4096K, 2 young (8192K), 2 survivors (8192K)
 Metaspace       used 97842K, committed 100288K, reserved 1179648K
  class space    used 13621K, committed 14848K, reserved 1048576K
}
Event: 81.276 GC heap before
{Heap before GC invocations=41 (full 0):
 garbage-first heap   total 208896K, used 179895K [0x0000000600000000, 0x0000000800000000)
  region size 4096K, 17 young (69632K), 2 survivors (8192K)
 Metaspace       used 101104K, committed 103680K, reserved 1179648K
  class space    used 14067K, committed 15360K, reserved 1048576K
}
Event: 81.285 GC heap after
{Heap after GC invocations=42 (full 0):
 garbage-first heap   total 208896K, used 121319K [0x0000000600000000, 0x0000000800000000)
  region size 4096K, 2 young (8192K), 2 survivors (8192K)
 Metaspace       used 101104K, committed 103680K, reserved 1179648K
  class space    used 14067K, committed 15360K, reserved 1048576K
}
Event: 82.687 GC heap before
{Heap before GC invocations=43 (full 0):
 garbage-first heap   total 221184K, used 182759K [0x0000000600000000, 0x0000000800000000)
  region size 4096K, 17 young (69632K), 2 survivors (8192K)
 Metaspace       used 105431K, committed 107968K, reserved 1179648K
  class space    used 14842K, committed 16128K, reserved 1048576K
}
Event: 82.697 GC heap after
{Heap after GC invocations=44 (full 0):
 garbage-first heap   total 221184K, used 122631K [0x0000000600000000, 0x0000000800000000)
  region size 4096K, 2 young (8192K), 2 survivors (8192K)
 Metaspace       used 105431K, committed 107968K, reserved 1179648K
  class space    used 14842K, committed 16128K, reserved 1048576K
}
Event: 1276.060 GC heap before
{Heap before GC invocations=44 (full 0):
 garbage-first heap   total 221184K, used 192263K [0x0000000600000000, 0x0000000800000000)
  region size 4096K, 19 young (77824K), 2 survivors (8192K)
 Metaspace       used 107055K, committed 109568K, reserved 1179648K
  class space    used 15052K, committed 16320K, reserved 1048576K
}
Event: 1276.311 GC heap after
{Heap after GC invocations=45 (full 0):
 garbage-first heap   total 221184K, used 123053K [0x0000000600000000, 0x0000000800000000)
  region size 4096K, 2 young (8192K), 2 survivors (8192K)
 Metaspace       used 107055K, committed 109568K, reserved 1179648K
  class space    used 15052K, committed 16320K, reserved 1048576K
}
Event: 3681.434 GC heap before
{Heap before GC invocations=45 (full 0):
 garbage-first heap   total 221184K, used 176301K [0x0000000600000000, 0x0000000800000000)
  region size 4096K, 16 young (65536K), 2 survivors (8192K)
 Metaspace       used 107137K, committed 109696K, reserved 1179648K
  class space    used 15052K, committed 16320K, reserved 1048576K
}
Event: 3682.268 GC heap after
{Heap after GC invocations=46 (full 1):
 garbage-first heap   total 221184K, used 101054K [0x0000000600000000, 0x0000000800000000)
  region size 4096K, 0 young (0K), 0 survivors (0K)
 Metaspace       used 107137K, committed 109696K, reserved 1179648K
  class space    used 15052K, committed 16320K, reserved 1048576K
}

