# JRE version: Java(TM) SE Runtime Environment (21.0+35) (build 21+35-LTS-2513)
# Java VM: Java HotSpot(TM) 64-Bit Server VM (21+35-LTS-2513, mixed mode, sharing, tiered, compressed oops, compressed class ptrs, g1 gc, windows-amd64)
GC Precious Log:
 CardTable entry size: 512
 Card Set container configuration: InlinePtr #cards 4 size 8 Array Of Cards #cards 32 size 80 Howl #buckets 8 coarsen threshold 7372 Howl Bitmap #cards 1024 size 144 coarsen threshold 921 Card regions per heap region 1 cards per card region 8192
 CPUs: 16 total, 16 available
 Memory: 7896M
 Large Page Support: Disabled
 NUMA Support: Disabled
 Compressed Oops: Enabled (Zero based)
 Heap Region Size: 4M
 Heap Min Capacity: 8M
 Heap Initial Capacity: 124M
 Heap Max Capacity: 8G
 Pre-touch: Disabled
 Parallel Workers: 13
 Concurrent Workers: 3
 Concurrent Refinement Workers: 13
 Periodic GC: Disabled
Heap:
 garbage-first heap   total 192512K, used 141360K [0x0000000600000000, 0x0000000800000000)
  region size 4096K, 11 young (45056K), 2 survivors (8192K)
 Metaspace       used 88051K, committed 90432K, reserved 1179648K
  class space    used 12304K, committed 13440K, reserved 1048576K
GC Heap History (20 events):
Event: 42.435 GC heap before
{Heap before GC invocations=20 (full 0):
 garbage-first heap   total 135168K, used 107804K [0x0000000600000000, 0x0000000800000000)
  region size 4096K, 13 young (53248K), 2 survivors (8192K)
 Metaspace       used 73470K, committed 75648K, reserved 1114112K
  class space    used 10431K, committed 11520K, reserved 1048576K
}
Event: 42.451 GC heap after
{Heap after GC invocations=21 (full 0):
 garbage-first heap   total 135168K, used 70217K [0x0000000600000000, 0x0000000800000000)
  region size 4096K, 2 young (8192K), 2 survivors (8192K)
 Metaspace       used 73470K, committed 75648K, reserved 1114112K
  class space    used 10431K, committed 11520K, reserved 1048576K
}
Event: 45.960 GC heap before
{Heap before GC invocations=21 (full 0):
 garbage-first heap   total 135168K, used 111177K [0x0000000600000000, 0x0000000800000000)
  region size 4096K, 12 young (49152K), 2 survivors (8192K)
 Metaspace       used 76279K, committed 78528K, reserved 1179648K
  class space    used 10933K, committed 12032K, reserved 1048576K
}
Event: 45.979 GC heap after
{Heap after GC invocations=22 (full 0):
 garbage-first heap   total 135168K, used 73839K [0x0000000600000000, 0x0000000800000000)
  region size 4096K, 2 young (8192K), 2 survivors (8192K)
 Metaspace       used 76279K, committed 78528K, reserved 1179648K
  class space    used 10933K, committed 12032K, reserved 1048576K
}
Event: 51.536 GC heap before
{Heap before GC invocations=23 (full 0):
 garbage-first heap   total 139264K, used 106607K [0x0000000600000000, 0x0000000800000000)
  region size 4096K, 11 young (45056K), 2 survivors (8192K)
 Metaspace       used 77662K, committed 79872K, reserved 1179648K
  class space    used 11083K, committed 12160K, reserved 1048576K
}
Event: 51.558 GC heap after
{Heap after GC invocations=24 (full 0):
 garbage-first heap   total 139264K, used 77776K [0x0000000600000000, 0x0000000800000000)
  region size 4096K, 2 young (8192K), 2 survivors (8192K)
 Metaspace       used 77662K, committed 79872K, reserved 1179648K
  class space    used 11083K, committed 12160K, reserved 1048576K
}
Event: 52.621 GC heap before
{Heap before GC invocations=24 (full 0):
 garbage-first heap   total 139264K, used 110544K [0x0000000600000000, 0x0000000800000000)
  region size 4096K, 11 young (45056K), 2 survivors (8192K)
 Metaspace       used 77905K, committed 80128K, reserved 1179648K
  class space    used 11094K, committed 12160K, reserved 1048576K
}
Event: 52.647 GC heap after
{Heap after GC invocations=25 (full 0):
 garbage-first heap   total 139264K, used 80465K [0x0000000600000000, 0x0000000800000000)
  region size 4096K, 2 young (8192K), 2 survivors (8192K)
 Metaspace       used 77905K, committed 80128K, reserved 1179648K
  class space    used 11094K, committed 12160K, reserved 1048576K
}
Event: 53.124 GC heap before
{Heap before GC invocations=25 (full 0):
 garbage-first heap   total 139264K, used 113233K [0x0000000600000000, 0x0000000800000000)
  region size 4096K, 11 young (45056K), 2 survivors (8192K)
 Metaspace       used 77919K, committed 80128K, reserved 1179648K
  class space    used 11094K, committed 12160K, reserved 1048576K
}
Event: 53.142 GC heap after
{Heap after GC invocations=26 (full 0):
 garbage-first heap   total 139264K, used 82277K [0x0000000600000000, 0x0000000800000000)
  region size 4096K, 2 young (8192K), 2 survivors (8192K)
 Metaspace       used 77919K, committed 80128K, reserved 1179648K
  class space    used 11094K, committed 12160K, reserved 1048576K
}
Event: 54.054 GC heap before
{Heap before GC invocations=27 (full 0):
 garbage-first heap   total 151552K, used 110949K [0x0000000600000000, 0x0000000800000000)
  region size 4096K, 10 young (40960K), 2 survivors (8192K)
 Metaspace       used 77922K, committed 80128K, reserved 1179648K
  class space    used 11094K, committed 12160K, reserved 1048576K
}
Event: 54.078 GC heap after
{Heap after GC invocations=28 (full 0):
 garbage-first heap   total 151552K, used 83466K [0x0000000600000000, 0x0000000800000000)
  region size 4096K, 1 young (4096K), 1 survivors (4096K)
 Metaspace       used 77922K, committed 80128K, reserved 1179648K
  class space    used 11094K, committed 12160K, reserved 1048576K
}
Event: 58.769 GC heap before
{Heap before GC invocations=28 (full 0):
 garbage-first heap   total 151552K, used 128522K [0x0000000600000000, 0x0000000800000000)
  region size 4096K, 13 young (53248K), 1 survivors (4096K)
 Metaspace       used 78764K, committed 81024K, reserved 1179648K
  class space    used 11191K, committed 12288K, reserved 1048576K
}
Event: 58.786 GC heap after
{Heap after GC invocations=29 (full 0):
 garbage-first heap   total 151552K, used 94924K [0x0000000600000000, 0x0000000800000000)
  region size 4096K, 2 young (8192K), 2 survivors (8192K)
 Metaspace       used 78764K, committed 81024K, reserved 1179648K
  class space    used 11191K, committed 12288K, reserved 1048576K
}
Event: 60.870 GC heap before
{Heap before GC invocations=30 (full 0):
 garbage-first heap   total 172032K, used 123596K [0x0000000600000000, 0x0000000800000000)
  region size 4096K, 10 young (40960K), 2 survivors (8192K)
 Metaspace       used 79979K, committed 82240K, reserved 1179648K
  class space    used 11326K, committed 12416K, reserved 1048576K
}
Event: 60.890 GC heap after
{Heap after GC invocations=31 (full 0):
 garbage-first heap   total 172032K, used 102047K [0x0000000600000000, 0x0000000800000000)
  region size 4096K, 2 young (8192K), 2 survivors (8192K)
 Metaspace       used 79979K, committed 82240K, reserved 1179648K
  class space    used 11326K, committed 12416K, reserved 1048576K
}
Event: 63.390 GC heap before
{Heap before GC invocations=31 (full 0):
 garbage-first heap   total 172032K, used 143007K [0x0000000600000000, 0x0000000800000000)
  region size 4096K, 12 young (49152K), 2 survivors (8192K)
 Metaspace       used 83601K, committed 85888K, reserved 1179648K
  class space    used 11737K, committed 12864K, reserved 1048576K
}
Event: 63.412 GC heap after
{Heap after GC invocations=32 (full 0):
 garbage-first heap   total 172032K, used 103576K [0x0000000600000000, 0x0000000800000000)
  region size 4096K, 1 young (4096K), 1 survivors (4096K)
 Metaspace       used 83601K, committed 85888K, reserved 1179648K
  class space    used 11737K, committed 12864K, reserved 1048576K
}
Event: 65.521 GC heap before
{Heap before GC invocations=32 (full 0):
 garbage-first heap   total 172032K, used 144536K [0x0000000600000000, 0x0000000800000000)
  region size 4096K, 12 young (49152K), 1 survivors (4096K)
 Metaspace       used 85717K, committed 88064K, reserved 1179648K
  class space    used 12008K, committed 13184K, reserved 1048576K
}
Event: 65.531 GC heap after
{Heap after GC invocations=33 (full 0):
 garbage-first heap   total 172032K, used 108592K [0x0000000600000000, 0x0000000800000000)
  region size 4096K, 2 young (8192K), 2 survivors (8192K)
 Metaspace       used 85717K, committed 88064K, reserved 1179648K
  class space    used 12008K, committed 13184K, reserved 1048576K
}

